Start testing: Oct 24 17:42 PDT
----------------------------------------------------------
1/6 Testing: NeptuneTest.MatrixInitialization0
1/6 Test: NeptuneTest.MatrixInitialization0
Command: "/Users/spacegaori/dev/neptune/build/matrix_test" "--gtest_filter=NeptuneTest.MatrixInitialization0" "--gtest_also_run_disabled_tests"
Directory: /Users/spacegaori/dev/neptune/build
"NeptuneTest.MatrixInitialization0" start time: Oct 24 17:42 PDT
Output:
----------------------------------------------------------
Running main() from /Users/spacegaori/dev/neptune/build/_deps/googletest-src/googletest/src/gtest_main.cc
Note: Google Test filter = NeptuneTest.MatrixInitialization0
[==========] Running 1 test from 1 test suite.
[----------] Global test environment set-up.
[----------] 1 test from NeptuneTest
[ RUN      ] NeptuneTest.MatrixInitialization0
[       OK ] NeptuneTest.MatrixInitialization0 (0 ms)
[----------] 1 test from NeptuneTest (0 ms total)

[----------] Global test environment tear-down
[==========] 1 test from 1 test suite ran. (0 ms total)
[  PASSED  ] 1 test.
<end of output>
Test time =   0.00 sec
----------------------------------------------------------
Test Passed.
"NeptuneTest.MatrixInitialization0" end time: Oct 24 17:42 PDT
"NeptuneTest.MatrixInitialization0" time elapsed: 00:00:00
----------------------------------------------------------

2/6 Testing: NeptuneTest.MatrixInitialization1
2/6 Test: NeptuneTest.MatrixInitialization1
Command: "/Users/spacegaori/dev/neptune/build/matrix_test" "--gtest_filter=NeptuneTest.MatrixInitialization1" "--gtest_also_run_disabled_tests"
Directory: /Users/spacegaori/dev/neptune/build
"NeptuneTest.MatrixInitialization1" start time: Oct 24 17:42 PDT
Output:
----------------------------------------------------------
Running main() from /Users/spacegaori/dev/neptune/build/_deps/googletest-src/googletest/src/gtest_main.cc
Note: Google Test filter = NeptuneTest.MatrixInitialization1
[==========] Running 1 test from 1 test suite.
[----------] Global test environment set-up.
[----------] 1 test from NeptuneTest
[ RUN      ] NeptuneTest.MatrixInitialization1
/Users/spacegaori/dev/neptune/test/test.cpp:38: Failure
Expected equality of these values:
  m.at(i)
    Which is: 3
  n.at(i)
    Which is: 4
Matrices m and n differ at index 2
/Users/spacegaori/dev/neptune/test/test.cpp:38: Failure
Expected equality of these values:
  m.at(i)
    Which is: 4
  n.at(i)
    Which is: 3
Matrices m and n differ at index 3
[  FAILED  ] NeptuneTest.MatrixInitialization1 (0 ms)
[----------] 1 test from NeptuneTest (0 ms total)

[----------] Global test environment tear-down
[==========] 1 test from 1 test suite ran. (0 ms total)
[  PASSED  ] 0 tests.
[  FAILED  ] 1 test, listed below:
[  FAILED  ] NeptuneTest.MatrixInitialization1

 1 FAILED TEST
<end of output>
Test time =   0.00 sec
----------------------------------------------------------
Test Failed.
"NeptuneTest.MatrixInitialization1" end time: Oct 24 17:42 PDT
"NeptuneTest.MatrixInitialization1" time elapsed: 00:00:00
----------------------------------------------------------

3/6 Testing: NeptuneTest.MatrixInitialization2
3/6 Test: NeptuneTest.MatrixInitialization2
Command: "/Users/spacegaori/dev/neptune/build/matrix_test" "--gtest_filter=NeptuneTest.MatrixInitialization2" "--gtest_also_run_disabled_tests"
Directory: /Users/spacegaori/dev/neptune/build
"NeptuneTest.MatrixInitialization2" start time: Oct 24 17:42 PDT
Output:
----------------------------------------------------------
Running main() from /Users/spacegaori/dev/neptune/build/_deps/googletest-src/googletest/src/gtest_main.cc
Note: Google Test filter = NeptuneTest.MatrixInitialization2
[==========] Running 1 test from 1 test suite.
[----------] Global test environment set-up.
[----------] 1 test from NeptuneTest
[ RUN      ] NeptuneTest.MatrixInitialization2
[       OK ] NeptuneTest.MatrixInitialization2 (0 ms)
[----------] 1 test from NeptuneTest (0 ms total)

[----------] Global test environment tear-down
[==========] 1 test from 1 test suite ran. (0 ms total)
[  PASSED  ] 1 test.
<end of output>
Test time =   0.00 sec
----------------------------------------------------------
Test Passed.
"NeptuneTest.MatrixInitialization2" end time: Oct 24 17:42 PDT
"NeptuneTest.MatrixInitialization2" time elapsed: 00:00:00
----------------------------------------------------------

4/6 Testing: NeptuneTest.MatrixInitialization3
4/6 Test: NeptuneTest.MatrixInitialization3
Command: "/Users/spacegaori/dev/neptune/build/matrix_test" "--gtest_filter=NeptuneTest.MatrixInitialization3" "--gtest_also_run_disabled_tests"
Directory: /Users/spacegaori/dev/neptune/build
"NeptuneTest.MatrixInitialization3" start time: Oct 24 17:42 PDT
Output:
----------------------------------------------------------
Running main() from /Users/spacegaori/dev/neptune/build/_deps/googletest-src/googletest/src/gtest_main.cc
Note: Google Test filter = NeptuneTest.MatrixInitialization3
[==========] Running 1 test from 1 test suite.
[----------] Global test environment set-up.
[----------] 1 test from NeptuneTest
[ RUN      ] NeptuneTest.MatrixInitialization3
/Users/spacegaori/dev/neptune/test/test.cpp:81: Failure
Expected equality of these values:
  n.at(i)
    Which is: 3
  o.at(i)
    Which is: 4
Matrices n and o differ at index 2
/Users/spacegaori/dev/neptune/test/test.cpp:81: Failure
Expected equality of these values:
  n.at(i)
    Which is: 4
  o.at(i)
    Which is: 3
Matrices n and o differ at index 3
[  FAILED  ] NeptuneTest.MatrixInitialization3 (0 ms)
[----------] 1 test from NeptuneTest (0 ms total)

[----------] Global test environment tear-down
[==========] 1 test from 1 test suite ran. (0 ms total)
[  PASSED  ] 0 tests.
[  FAILED  ] 1 test, listed below:
[  FAILED  ] NeptuneTest.MatrixInitialization3

 1 FAILED TEST
<end of output>
Test time =   0.00 sec
----------------------------------------------------------
Test Failed.
"NeptuneTest.MatrixInitialization3" end time: Oct 24 17:42 PDT
"NeptuneTest.MatrixInitialization3" time elapsed: 00:00:00
----------------------------------------------------------

5/6 Testing: NeptuneTest.MatrixInitialization4
5/6 Test: NeptuneTest.MatrixInitialization4
Command: "/Users/spacegaori/dev/neptune/build/matrix_test" "--gtest_filter=NeptuneTest.MatrixInitialization4" "--gtest_also_run_disabled_tests"
Directory: /Users/spacegaori/dev/neptune/build
"NeptuneTest.MatrixInitialization4" start time: Oct 24 17:42 PDT
Output:
----------------------------------------------------------
Running main() from /Users/spacegaori/dev/neptune/build/_deps/googletest-src/googletest/src/gtest_main.cc
Note: Google Test filter = NeptuneTest.MatrixInitialization4
[==========] Running 1 test from 1 test suite.
[----------] Global test environment set-up.
[----------] 1 test from NeptuneTest
[ RUN      ] NeptuneTest.MatrixInitialization4
[       OK ] NeptuneTest.MatrixInitialization4 (0 ms)
[----------] 1 test from NeptuneTest (0 ms total)

[----------] Global test environment tear-down
[==========] 1 test from 1 test suite ran. (0 ms total)
[  PASSED  ] 1 test.
<end of output>
Test time =   0.00 sec
----------------------------------------------------------
Test Passed.
"NeptuneTest.MatrixInitialization4" end time: Oct 24 17:42 PDT
"NeptuneTest.MatrixInitialization4" time elapsed: 00:00:00
----------------------------------------------------------

6/6 Testing: NeptuneTest.MatrixInitialization5
6/6 Test: NeptuneTest.MatrixInitialization5
Command: "/Users/spacegaori/dev/neptune/build/matrix_test" "--gtest_filter=NeptuneTest.MatrixInitialization5" "--gtest_also_run_disabled_tests"
Directory: /Users/spacegaori/dev/neptune/build
"NeptuneTest.MatrixInitialization5" start time: Oct 24 17:42 PDT
Output:
----------------------------------------------------------
Running main() from /Users/spacegaori/dev/neptune/build/_deps/googletest-src/googletest/src/gtest_main.cc
Note: Google Test filter = NeptuneTest.MatrixInitialization5
[==========] Running 1 test from 1 test suite.
[----------] Global test environment set-up.
[----------] 1 test from NeptuneTest
[ RUN      ] NeptuneTest.MatrixInitialization5
/Users/spacegaori/dev/neptune/test/test.cpp:126: Failure
Expected equality of these values:
  m.at(i)
    Which is: 3
  o.at(i)
    Which is: 4
Matrices m and o differ at index 2
/Users/spacegaori/dev/neptune/test/test.cpp:126: Failure
Expected equality of these values:
  m.at(i)
    Which is: 4
  o.at(i)
    Which is: 3
Matrices m and o differ at index 3
[  FAILED  ] NeptuneTest.MatrixInitialization5 (0 ms)
[----------] 1 test from NeptuneTest (0 ms total)

[----------] Global test environment tear-down
[==========] 1 test from 1 test suite ran. (0 ms total)
[  PASSED  ] 0 tests.
[  FAILED  ] 1 test, listed below:
[  FAILED  ] NeptuneTest.MatrixInitialization5

 1 FAILED TEST
<end of output>
Test time =   0.00 sec
----------------------------------------------------------
Test Failed.
"NeptuneTest.MatrixInitialization5" end time: Oct 24 17:42 PDT
"NeptuneTest.MatrixInitialization5" time elapsed: 00:00:00
----------------------------------------------------------

End testing: Oct 24 17:42 PDT
